DEBUG   |190831 15:50:56|Fetching filter data from database
DEBUG   |190831 15:50:56|Loading filters
DEBUG   |190831 15:50:56|-- Loading filter Directories
DEBUG   |190831 15:50:56|-- Loading filter Extradirs
DEBUG   |190831 15:50:56|-- Loading filter Files
DEBUG   |190831 15:50:56|-- Loading filter Incremental
DEBUG   |190831 15:50:56|-- Loading filter Multidb
DEBUG   |190831 15:50:56|-- Loading filter Regexdirectories
DEBUG   |190831 15:50:56|-- Loading filter Regexfiles
DEBUG   |190831 15:50:56|-- Loading filter Regexskipdirs
DEBUG   |190831 15:50:56|-- Loading filter Regexskipfiles
DEBUG   |190831 15:50:56|-- Loading filter Regextabledata
DEBUG   |190831 15:50:56|-- Loading filter Regextables
DEBUG   |190831 15:50:56|-- Loading filter Skipdirs
DEBUG   |190831 15:50:56|-- Loading filter Skipfiles
DEBUG   |190831 15:50:56|-- Loading filter Tabledata
DEBUG   |190831 15:50:56|-- Loading filter Tables
DEBUG   |190831 15:50:56|-- Loading filter Cvsfolders
DEBUG   |190831 15:50:56|-- Loading filter Excludefiles
DEBUG   |190831 15:50:56|-- Loading filter Excludefolders
DEBUG   |190831 15:50:56|-- Loading filter Excludetabledata
DEBUG   |190831 15:50:56|-- Loading filter Joomlaskipdirs
DEBUG   |190831 15:50:56|-- Loading filter Joomlaskipfiles
DEBUG   |190831 15:50:56|-- Loading filter Libraries
DEBUG   |190831 15:50:56|-- Loading filter Sitedb
DEBUG   |190831 15:50:56|-- Loading filter Siteroot
DEBUG   |190831 15:50:56|-- Loading filter Systemcachefiles
DEBUG   |190831 15:50:56|Loading optional filters
DEBUG   |190831 15:50:56|-- Loading optional filter Stack\StackErrorlogs
DEBUG   |190831 15:50:56|-- Loading optional filter Stack\StackHoststats
DEBUG   |190831 15:50:56|-- Loading optional filter Stack\StackActionlogs
DEBUG   |190831 15:50:56|-- Loading optional filter Stack\StackFinder
DEBUG   |190831 15:50:56|-- Loading optional filter Stack\StackMyjoomla
DEBUG   |190831 15:51:06|Fetching filter data from database
DEBUG   |190831 15:51:06|Loading filters
DEBUG   |190831 15:51:06|-- Loading filter Directories
DEBUG   |190831 15:51:06|-- Loading filter Extradirs
DEBUG   |190831 15:51:06|-- Loading filter Files
DEBUG   |190831 15:51:06|-- Loading filter Incremental
DEBUG   |190831 15:51:06|-- Loading filter Multidb
DEBUG   |190831 15:51:06|-- Loading filter Regexdirectories
DEBUG   |190831 15:51:06|-- Loading filter Regexfiles
DEBUG   |190831 15:51:06|-- Loading filter Regexskipdirs
DEBUG   |190831 15:51:06|-- Loading filter Regexskipfiles
DEBUG   |190831 15:51:06|-- Loading filter Regextabledata
DEBUG   |190831 15:51:06|-- Loading filter Regextables
DEBUG   |190831 15:51:06|-- Loading filter Skipdirs
DEBUG   |190831 15:51:06|-- Loading filter Skipfiles
DEBUG   |190831 15:51:06|-- Loading filter Tabledata
DEBUG   |190831 15:51:06|-- Loading filter Tables
DEBUG   |190831 15:51:06|-- Loading filter Cvsfolders
DEBUG   |190831 15:51:06|-- Loading filter Excludefiles
DEBUG   |190831 15:51:06|-- Loading filter Excludefolders
DEBUG   |190831 15:51:06|-- Loading filter Excludetabledata
DEBUG   |190831 15:51:06|-- Loading filter Joomlaskipdirs
DEBUG   |190831 15:51:06|-- Loading filter Joomlaskipfiles
DEBUG   |190831 15:51:06|-- Loading filter Libraries
DEBUG   |190831 15:51:06|-- Loading filter Sitedb
DEBUG   |190831 15:51:06|-- Loading filter Siteroot
DEBUG   |190831 15:51:06|-- Loading filter Systemcachefiles
DEBUG   |190831 15:51:06|Loading optional filters
DEBUG   |190831 15:51:06|-- Loading optional filter Stack\StackErrorlogs
DEBUG   |190831 15:51:06|-- Loading optional filter Stack\StackHoststats
DEBUG   |190831 15:51:06|-- Loading optional filter Stack\StackActionlogs
DEBUG   |190831 15:51:06|-- Loading optional filter Stack\StackFinder
DEBUG   |190831 15:51:06|-- Loading optional filter Stack\StackMyjoomla
DEBUG   |190831 15:53:31| -- Resetting Akeeba Engine factory (backend.id1)
DEBUG   |190831 15:53:31|Fetching filter data from database
DEBUG   |190831 15:53:31|Loading filters
DEBUG   |190831 15:53:31|-- Loading filter Directories
DEBUG   |190831 15:53:31|-- Loading filter Extradirs
DEBUG   |190831 15:53:31|-- Loading filter Files
DEBUG   |190831 15:53:31|-- Loading filter Incremental
DEBUG   |190831 15:53:31|-- Loading filter Multidb
DEBUG   |190831 15:53:31|-- Loading filter Regexdirectories
DEBUG   |190831 15:53:31|-- Loading filter Regexfiles
DEBUG   |190831 15:53:31|-- Loading filter Regexskipdirs
DEBUG   |190831 15:53:31|-- Loading filter Regexskipfiles
DEBUG   |190831 15:53:31|-- Loading filter Regextabledata
DEBUG   |190831 15:53:31|-- Loading filter Regextables
DEBUG   |190831 15:53:31|-- Loading filter Skipdirs
DEBUG   |190831 15:53:31|-- Loading filter Skipfiles
DEBUG   |190831 15:53:31|-- Loading filter Tabledata
DEBUG   |190831 15:53:31|-- Loading filter Tables
DEBUG   |190831 15:53:31|-- Loading filter Cvsfolders
DEBUG   |190831 15:53:31|-- Loading filter Excludefiles
DEBUG   |190831 15:53:31|-- Loading filter Excludefolders
DEBUG   |190831 15:53:31|-- Loading filter Excludetabledata
DEBUG   |190831 15:53:31|-- Loading filter Joomlaskipdirs
DEBUG   |190831 15:53:31|-- Loading filter Joomlaskipfiles
DEBUG   |190831 15:53:31|-- Loading filter Libraries
DEBUG   |190831 15:53:31|-- Loading filter Sitedb
DEBUG   |190831 15:53:31|-- Loading filter Siteroot
DEBUG   |190831 15:53:31|-- Loading filter Systemcachefiles
DEBUG   |190831 15:53:31|Loading optional filters
DEBUG   |190831 15:53:31|-- Loading optional filter Stack\StackErrorlogs
DEBUG   |190831 15:53:31|-- Loading optional filter Stack\StackHoststats
DEBUG   |190831 15:53:31|-- Loading optional filter Stack\StackActionlogs
DEBUG   |190831 15:53:31|-- Loading optional filter Stack\StackFinder
DEBUG   |190831 15:53:31|-- Loading optional filter Stack\StackMyjoomla
DEBUG   |190928 05:53:13| -- Resetting Akeeba Engine factory (backend.id2)
DEBUG   |190928 05:53:13|Fetching filter data from database
DEBUG   |190928 05:53:13|Loading filters
DEBUG   |190928 05:53:13|-- Loading filter Directories
DEBUG   |190928 05:53:13|-- Loading filter Extradirs
DEBUG   |190928 05:53:13|-- Loading filter Files
DEBUG   |190928 05:53:13|-- Loading filter Incremental
DEBUG   |190928 05:53:13|-- Loading filter Multidb
DEBUG   |190928 05:53:13|-- Loading filter Regexdirectories
DEBUG   |190928 05:53:13|-- Loading filter Regexfiles
DEBUG   |190928 05:53:13|-- Loading filter Regexskipdirs
DEBUG   |190928 05:53:13|-- Loading filter Regexskipfiles
DEBUG   |190928 05:53:13|-- Loading filter Regextabledata
DEBUG   |190928 05:53:13|-- Loading filter Regextables
DEBUG   |190928 05:53:13|-- Loading filter Skipdirs
DEBUG   |190928 05:53:13|-- Loading filter Skipfiles
DEBUG   |190928 05:53:13|-- Loading filter Tabledata
DEBUG   |190928 05:53:13|-- Loading filter Tables
DEBUG   |190928 05:53:13|-- Loading filter Cvsfolders
DEBUG   |190928 05:53:13|-- Loading filter Excludefiles
DEBUG   |190928 05:53:13|-- Loading filter Excludefolders
DEBUG   |190928 05:53:13|-- Loading filter Excludetabledata
DEBUG   |190928 05:53:13|-- Loading filter Joomlaskipdirs
DEBUG   |190928 05:53:13|-- Loading filter Joomlaskipfiles
DEBUG   |190928 05:53:13|-- Loading filter Libraries
DEBUG   |190928 05:53:13|-- Loading filter Sitedb
DEBUG   |190928 05:53:13|-- Loading filter Siteroot
DEBUG   |190928 05:53:13|-- Loading filter Systemcachefiles
DEBUG   |190928 05:53:13|Loading optional filters
DEBUG   |190928 05:53:13|-- Loading optional filter Stack\StackErrorlogs
DEBUG   |190928 05:53:13|-- Loading optional filter Stack\StackHoststats
DEBUG   |190928 05:53:13|-- Loading optional filter Stack\StackActionlogs
DEBUG   |190928 05:53:13|-- Loading optional filter Stack\StackFinder
DEBUG   |190928 05:53:13|-- Loading optional filter Stack\StackMyjoomla
